2017-03-21 21:04:56 InputStreamConverter - Converting input streams...
2017-03-21 21:05:07 InputStreamConverter - Ontologies loaded! Main Ontology: http://webvowl.steffen-lohmann.de/ontology/1/
2017-03-21 21:05:08 OwlClassAxiomVisitor - DataHasValue(<http://webvowl.steffen-lohmann.de/ontology/1/dataHasValueProperty> "6"^^xsd:integer) not supported yet.
2017-03-21 21:05:08 OwlClassAxiomVisitor - Unsupported axiom: ObjectHasSelf(<http://webvowl.steffen-lohmann.de/ontology/1/hasSelfProperty>)
2017-03-21 21:05:08 OwlClassAxiomVisitor - Specification of cardinalities not supported yet: ObjectExactCardinality(1 <http://webvowl.steffen-lohmann.de/ontology/1/objectExactQualifiedCardinalityProperty> <http://webvowl.steffen-lohmann.de/ontology/1/ObjectExactQualifiedCardinality_Qualifier>)
2017-03-21 21:05:08 OwlClassAxiomVisitor - Unsupported axiom: ObjectHasValue(<http://webvowl.steffen-lohmann.de/ontology/1/objectHasValueProperty> <http://webvowl.steffen-lohmann.de/ontology/1/ObjectHasValue_Individual>)
2017-03-21 21:05:08 OwlClassAxiomVisitor - Specification of cardinalities not supported yet: ObjectMaxCardinality(3 <http://webvowl.steffen-lohmann.de/ontology/1/objectMaxQualifiedCardinalityProperty> <http://webvowl.steffen-lohmann.de/ontology/1/ObjectMaxQualifiedCardinality_Qualifier>)
2017-03-21 21:05:08 OwlClassAxiomVisitor - Specification of cardinalities not supported yet: ObjectMaxCardinality(0 <http://webvowl.steffen-lohmann.de/ontology/1/objectMaxQualifiedCardinalityProperty_RL> <http://webvowl.steffen-lohmann.de/ontology/1/ObjectMaxQualifiedCardinality_RL_Qualifier>)
2017-03-21 21:05:08 OwlClassAxiomVisitor - Specification of cardinalities not supported yet: ObjectMinCardinality(1 <http://webvowl.steffen-lohmann.de/ontology/1/objectMinQualifiedCardinalityProperty> <http://webvowl.steffen-lohmann.de/ontology/1/ObjectMinQualifiedCardinality_Qualifier>)
2017-03-21 21:05:08 ObjectPropertyVisitor - Disjoint object properties not supported: DisjointObjectProperties(<http://webvowl.steffen-lohmann.de/ontology/1/allDisjointObjectProperties_Property1> <http://webvowl.steffen-lohmann.de/ontology/1/allDisjointObjectProperties_Property2> <http://webvowl.steffen-lohmann.de/ontology/1/allDisjointObjectProperties_Property3> )
2017-03-21 21:05:08 ObjectPropertyVisitor - Disjoint object properties not supported: DisjointObjectProperties(<http://webvowl.steffen-lohmann.de/ontology/1/allDisjointObjectProperties_Property1> <http://webvowl.steffen-lohmann.de/ontology/1/allDisjointObjectProperties_Property2> <http://webvowl.steffen-lohmann.de/ontology/1/allDisjointObjectProperties_Property3> )
2017-03-21 21:05:08 ObjectPropertyVisitor - Disjoint object properties not supported: DisjointObjectProperties(<http://webvowl.steffen-lohmann.de/ontology/1/allDisjointObjectProperties_Property1> <http://webvowl.steffen-lohmann.de/ontology/1/allDisjointObjectProperties_Property2> <http://webvowl.steffen-lohmann.de/ontology/1/allDisjointObjectProperties_Property3> )
2017-03-21 21:05:08 ObjectPropertyVisitor - Disjoint object properties not supported: DisjointObjectProperties(<http://webvowl.steffen-lohmann.de/ontology/1/objectPropertyDisjointWith_Property1> <http://webvowl.steffen-lohmann.de/ontology/1/objectPropertyDisjointWith_Property2> )
2017-03-21 21:05:08 ObjectPropertyVisitor - Disjoint object properties not supported: DisjointObjectProperties(<http://webvowl.steffen-lohmann.de/ontology/1/objectPropertyDisjointWith_Property1> <http://webvowl.steffen-lohmann.de/ontology/1/objectPropertyDisjointWith_Property2> )
2017-03-21 21:05:08 DataPropertyVisitor - DataPropertyRange is no datatype: DataPropertyRange(<http://webvowl.steffen-lohmann.de/ontology/1/DataUnionOf> DataUnionOf(<http://webvowl.steffen-lohmann.de/ontology/1/DataUnionOf_Datatype1> <http://webvowl.steffen-lohmann.de/ontology/1/DataUnionOf_Datatype2> ))
2017-03-21 21:05:08 PropertyVisitor - Missing axiom: DisjointDataProperties(<http://webvowl.steffen-lohmann.de/ontology/1/allDisjointDataProperties_Property1> <http://webvowl.steffen-lohmann.de/ontology/1/allDisjointDataProperties_Property2> <http://webvowl.steffen-lohmann.de/ontology/1/allDisjointDataProperties_Property3> )
2017-03-21 21:05:08 PropertyVisitor - Missing axiom: DisjointDataProperties(<http://webvowl.steffen-lohmann.de/ontology/1/allDisjointDataProperties_Property1> <http://webvowl.steffen-lohmann.de/ontology/1/allDisjointDataProperties_Property2> <http://webvowl.steffen-lohmann.de/ontology/1/allDisjointDataProperties_Property3> )
2017-03-21 21:05:08 PropertyVisitor - Missing axiom: DisjointDataProperties(<http://webvowl.steffen-lohmann.de/ontology/1/allDisjointDataProperties_Property1> <http://webvowl.steffen-lohmann.de/ontology/1/allDisjointDataProperties_Property2> <http://webvowl.steffen-lohmann.de/ontology/1/allDisjointDataProperties_Property3> )
2017-03-21 21:05:08 DataPropertyVisitor - DataPropertyRange is no datatype: DataPropertyRange(<http://webvowl.steffen-lohmann.de/ontology/1/dataComplementOfProperty> DataComplementOf(xsd:string))
2017-03-21 21:05:08 PropertyVisitor - Missing axiom: DisjointDataProperties(<http://webvowl.steffen-lohmann.de/ontology/1/dataPropertyDisjointWith_Property1> <http://webvowl.steffen-lohmann.de/ontology/1/dataPropertyDisjointWith_Property2> )
2017-03-21 21:05:08 PropertyVisitor - Missing axiom: DisjointDataProperties(<http://webvowl.steffen-lohmann.de/ontology/1/dataPropertyDisjointWith_Property1> <http://webvowl.steffen-lohmann.de/ontology/1/dataPropertyDisjointWith_Property2> )
2017-03-21 21:05:08 DataPropertyVisitor - DataPropertyRange is no datatype: DataPropertyRange(<http://webvowl.steffen-lohmann.de/ontology/1/datatypeIntersectionOfProperty> DataIntersectionOf(<http://webvowl.steffen-lohmann.de/ontology/1/DatatypeIntersectionOf_Datatype1> <http://webvowl.steffen-lohmann.de/ontology/1/DatatypeIntersectionOf_Datatype2> ))
2017-03-21 21:05:08 DataPropertyVisitor - DataPropertyRange is no datatype: DataPropertyRange(<http://webvowl.steffen-lohmann.de/ontology/1/datatypeIntersectionOfProperty_OWL2> DataIntersectionOf(xsd:dateTime xsd:string ))
2017-03-21 21:05:08 DataPropertyVisitor - DataPropertyRange is no datatype: DataPropertyRange(<http://webvowl.steffen-lohmann.de/ontology/1/datatypeRestrictionProperty> DataRangeRestriction(<http://webvowl.steffen-lohmann.de/ontology/1/DatatypeRestrictionDatatype> facetRestriction(minLength "10"^^xsd:integer) facetRestriction(pattern "DatatypeRestrictionLiteral"^^xsd:string)))
2017-03-21 21:05:08 DataPropertyVisitor - Sub Data property axiom not supported yet.
2017-03-21 21:05:08 IndividualsVisitor - Anonymous individual: _:genid1
